# JRE version: OpenJDK Runtime Environment (8.0_242-b01) (build 1.8.0_242-release-1644-b01)
# Java VM: OpenJDK 64-Bit Server VM (25.242-b01 mixed mode windows-amd64 compressed oops)
Heap:
 PSYoungGen      total 382976K, used 135865K [0x00000000e0000000, 0x0000000100000000, 0x0000000100000000)
  eden space 299008K, 17% used [0x00000000e0000000,0x00000000e32b5078,0x00000000f2400000)
  from space 83968K, 99% used [0x00000000fae00000,0x00000000ffff95d8,0x0000000100000000)
  to   space 112640K, 0% used [0x00000000f2400000,0x00000000f2400000,0x00000000f9200000)
 ParOldGen       total 195072K, used 138278K [0x00000000a0000000, 0x00000000abe80000, 0x00000000e0000000)
  object space 195072K, 70% used [0x00000000a0000000,0x00000000a8709940,0x00000000abe80000)
 Metaspace       used 101199K, capacity 105368K, committed 105600K, reserved 1140736K
  class space    used 12734K, capacity 13567K, committed 13696K, reserved 1048576K
GC Heap History (10 events):
Event: 2437.447 GC heap before
{Heap before GC invocations=33 (full 5):
 PSYoungGen      total 347648K, used 296960K [0x00000000e0000000, 0x00000000fc580000, 0x0000000100000000)
  eden space 296960K, 100% used [0x00000000e0000000,0x00000000f2200000,0x00000000f2200000)
  from space 50688K, 0% used [0x00000000f2200000,0x00000000f2200000,0x00000000f5380000)
  to   space 65536K, 0% used [0x00000000f8580000,0x00000000f8580000,0x00000000fc580000)
 ParOldGen       total 195072K, used 96529K [0x00000000a0000000, 0x00000000abe80000, 0x00000000e0000000)
  object space 195072K, 49% used [0x00000000a0000000,0x00000000a5e44518,0x00000000abe80000)
 Metaspace       used 89065K, capacity 92528K, committed 92928K, reserved 1130496K
  class space    used 11416K, capacity 12083K, committed 12288K, reserved 1048576K
Event: 2437.695 GC heap after
Heap after GC invocations=33 (full 5):
 PSYoungGen      total 397824K, used 39472K [0x00000000e0000000, 0x00000000fc780000, 0x0000000100000000)
  eden space 332288K, 0% used [0x00000000e0000000,0x00000000e0000000,0x00000000f4480000)
  from space 65536K, 60% used [0x00000000f8580000,0x00000000fac0c0f0,0x00000000fc580000)
  to   space 66560K, 0% used [0x00000000f4480000,0x00000000f4480000,0x00000000f8580000)
 ParOldGen       total 195072K, used 96537K [0x00000000a0000000, 0x00000000abe80000, 0x00000000e0000000)
  object space 195072K, 49% used [0x00000000a0000000,0x00000000a5e46518,0x00000000abe80000)
 Metaspace       used 89065K, capacity 92528K, committed 92928K, reserved 1130496K
  class space    used 11416K, capacity 12083K, committed 12288K, reserved 1048576K
}
Event: 2441.579 GC heap before
{Heap before GC invocations=34 (full 5):
 PSYoungGen      total 397824K, used 371760K [0x00000000e0000000, 0x00000000fc780000, 0x0000000100000000)
  eden space 332288K, 100% used [0x00000000e0000000,0x00000000f4480000,0x00000000f4480000)
  from space 65536K, 60% used [0x00000000f8580000,0x00000000fac0c0f0,0x00000000fc580000)
  to   space 66560K, 0% used [0x00000000f4480000,0x00000000f4480000,0x00000000f8580000)
 ParOldGen       total 195072K, used 96537K [0x00000000a0000000, 0x00000000abe80000, 0x00000000e0000000)
  object space 195072K, 49% used [0x00000000a0000000,0x00000000a5e46518,0x00000000abe80000)
 Metaspace       used 89207K, capacity 92674K, committed 92928K, reserved 1130496K
  class space    used 11423K, capacity 12086K, committed 12288K, reserved 1048576K
Event: 2441.720 GC heap after
Heap after GC invocations=34 (full 5):
 PSYoungGen      total 398848K, used 62869K [0x00000000e0000000, 0x0000000100000000, 0x0000000100000000)
  eden space 332288K, 0% used [0x00000000e0000000,0x00000000e0000000,0x00000000f4480000)
  from space 66560K, 94% used [0x00000000f4480000,0x00000000f81e5760,0x00000000f8580000)
  to   space 75776K, 0% used [0x00000000fb600000,0x00000000fb600000,0x0000000100000000)
 ParOldGen       total 195072K, used 96545K [0x00000000a0000000, 0x00000000abe80000, 0x00000000e0000000)
  object space 195072K, 49% used [0x00000000a0000000,0x00000000a5e48518,0x00000000abe80000)
 Metaspace       used 89207K, capacity 92674K, committed 92928K, reserved 1130496K
  class space    used 11423K, capacity 12086K, committed 12288K, reserved 1048576K
}
Event: 2517.099 GC heap before
{Heap before GC invocations=35 (full 5):
 PSYoungGen      total 398848K, used 395157K [0x00000000e0000000, 0x0000000100000000, 0x0000000100000000)
  eden space 332288K, 100% used [0x00000000e0000000,0x00000000f4480000,0x00000000f4480000)
  from space 66560K, 94% used [0x00000000f4480000,0x00000000f81e5760,0x00000000f8580000)
  to   space 75776K, 0% used [0x00000000fb600000,0x00000000fb600000,0x0000000100000000)
 ParOldGen       total 195072K, used 96545K [0x00000000a0000000, 0x00000000abe80000, 0x00000000e0000000)
  object space 195072K, 49% used [0x00000000a0000000,0x00000000a5e48518,0x00000000abe80000)
 Metaspace       used 90146K, capacity 93850K, committed 94080K, reserved 1130496K
  class space    used 11535K, capacity 12256K, committed 12416K, reserved 1048576K
Event: 2517.174 GC heap after
Heap after GC invocations=35 (full 5):
 PSYoungGen      total 446464K, used 45681K [0x00000000e0000000, 0x0000000100000000, 0x0000000100000000)
  eden space 370688K, 0% used [0x00000000e0000000,0x00000000e0000000,0x00000000f6a00000)
  from space 75776K, 60% used [0x00000000fb600000,0x00000000fe29c7b0,0x0000000100000000)
  to   space 76800K, 0% used [0x00000000f6a00000,0x00000000f6a00000,0x00000000fb500000)
 ParOldGen       total 195072K, used 96553K [0x00000000a0000000, 0x00000000abe80000, 0x00000000e0000000)
  object space 195072K, 49% used [0x00000000a0000000,0x00000000a5e4a518,0x00000000abe80000)
 Metaspace       used 90146K, capacity 93850K, committed 94080K, reserved 1130496K
  class space    used 11535K, capacity 12256K, committed 12416K, reserved 1048576K
}
Event: 2527.546 GC heap before
{Heap before GC invocations=36 (full 5):
 PSYoungGen      total 446464K, used 416369K [0x00000000e0000000, 0x0000000100000000, 0x0000000100000000)
  eden space 370688K, 100% used [0x00000000e0000000,0x00000000f6a00000,0x00000000f6a00000)
  from space 75776K, 60% used [0x00000000fb600000,0x00000000fe29c7b0,0x0000000100000000)
  to   space 76800K, 0% used [0x00000000f6a00000,0x00000000f6a00000,0x00000000fb500000)
 ParOldGen       total 195072K, used 96553K [0x00000000a0000000, 0x00000000abe80000, 0x00000000e0000000)
  object space 195072K, 49% used [0x00000000a0000000,0x00000000a5e4a518,0x00000000abe80000)
 Metaspace       used 100232K, capacity 104292K, committed 104576K, reserved 1140736K
  class space    used 12606K, capacity 13361K, committed 13440K, reserved 1048576K
Event: 2527.674 GC heap after
Heap after GC invocations=36 (full 5):
 PSYoungGen      total 435200K, used 64019K [0x00000000e0000000, 0x0000000100000000, 0x0000000100000000)
  eden space 370688K, 0% used [0x00000000e0000000,0x00000000e0000000,0x00000000f6a00000)
  from space 64512K, 99% used [0x00000000f6a00000,0x00000000fa884de8,0x00000000fa900000)
  to   space 83968K, 0% used [0x00000000fae00000,0x00000000fae00000,0x0000000100000000)
 ParOldGen       total 195072K, used 96561K [0x00000000a0000000, 0x00000000abe80000, 0x00000000e0000000)
  object space 195072K, 49% used [0x00000000a0000000,0x00000000a5e4c518,0x00000000abe80000)
 Metaspace       used 100232K, capacity 104292K, committed 104576K, reserved 1140736K
  class space    used 12606K, capacity 13361K, committed 13440K, reserved 1048576K
}
Event: 2531.394 GC heap before
{Heap before GC invocations=37 (full 5):
 PSYoungGen      total 435200K, used 433404K [0x00000000e0000000, 0x0000000100000000, 0x0000000100000000)
  eden space 370688K, 99% used [0x00000000e0000000,0x00000000f68ba570,0x00000000f6a00000)
  from space 64512K, 99% used [0x00000000f6a00000,0x00000000fa884de8,0x00000000fa900000)
  to   space 83968K, 0% used [0x00000000fae00000,0x00000000fae00000,0x0000000100000000)
 ParOldGen       total 195072K, used 96561K [0x00000000a0000000, 0x00000000abe80000, 0x00000000e0000000)
  object space 195072K, 49% used [0x00000000a0000000,0x00000000a5e4c518,0x00000000abe80000)
 Metaspace       used 100363K, capacity 104470K, committed 104576K, reserved 1140736K
  class space    used 12611K, capacity 13368K, committed 13440K, reserved 1048576K
Event: 2531.837 GC heap after
Heap after GC invocations=37 (full 5):
 PSYoungGen      total 382976K, used 83941K [0x00000000e0000000, 0x0000000100000000, 0x0000000100000000)
  eden space 299008K, 0% used [0x00000000e0000000,0x00000000e0000000,0x00000000f2400000)
  from space 83968K, 99% used [0x00000000fae00000,0x00000000ffff95d8,0x0000000100000000)
  to   space 112640K, 0% used [0x00000000f2400000,0x00000000f2400000,0x00000000f9200000)
 ParOldGen       total 195072K, used 138278K [0x00000000a0000000, 0x00000000abe80000, 0x00000000e0000000)
  object space 195072K, 70% used [0x00000000a0000000,0x00000000a8709940,0x00000000abe80000)
 Metaspace       used 100363K, capacity 104470K, committed 104576K, reserved 1140736K
  class space    used 12611K, capacity 13368K, committed 13440K, reserved 1048576K
}

